<?xml version="1.0" encoding="UTF-8"?>
<!-- Generated by org.testng.reporters.JUnitReportReporter -->
<testsuite hostname="DESKTOP-GTEVIFT" failures="0" tests="2" name="testScripts.CreateTest" time="0.028" errors="0" timestamp="2023-08-16T13:21:37 IST" skipped="0">
  <testcase classname="testScripts.CreateTest" name="createcampMand" time="0.005"/>
  <system-out/>
  <testcase classname="testScripts.CreateTest" name="createcamp" time="0.023"/>
  <system-out/>
</testsuite> <!-- testScripts.CreateTest -->
