<?xml version="1.0" encoding="UTF-8"?>
<!-- Generated by org.testng.reporters.JUnitReportReporter -->
<testsuite hostname="DESKTOP-GTEVIFT" failures="0" tests="1" name="testScripts.ModifyTest" time="0.006" errors="0" timestamp="2023-08-16T13:08:38 IST" skipped="0">
  <testcase classname="testScripts.ModifyTest" name="modifycampMand" time="0.006"/>
  <system-out/>
</testsuite> <!-- testScripts.ModifyTest -->
